# JRE version: OpenJDK Runtime Environment (8.0_152-b01) (build 1.8.0_152-release-915-b01)
# Java VM: OpenJDK 64-Bit Server VM (25.152-b01 mixed mode windows-amd64 compressed oops)
Heap:
 PSYoungGen      total 126976K, used 29473K [0x00000000f5580000, 0x0000000100000000, 0x0000000100000000)
  eden space 81920K, 0% used [0x00000000f5580000,0x00000000f5580000,0x00000000fa580000)
  from space 45056K, 65% used [0x00000000fa580000,0x00000000fc2484b8,0x00000000fd180000)
  to   space 47616K, 0% used [0x00000000fd180000,0x00000000fd180000,0x0000000100000000)
 ParOldGen       total 254976K, used 245698K [0x00000000e0000000, 0x00000000ef900000, 0x00000000f5580000)
  object space 254976K, 96% used [0x00000000e0000000,0x00000000eeff08a0,0x00000000ef900000)
 Metaspace       used 85464K, capacity 92590K, committed 92672K, reserved 1130496K
  class space    used 10859K, capacity 12520K, committed 12544K, reserved 1048576K
GC Heap History (10 events):
Event: 17186.753 GC heap after
Heap after GC invocations=125 (full 8):
 PSYoungGen      total 102912K, used 21965K [0x00000000f5580000, 0x00000000ffc80000, 0x0000000100000000)
  eden space 80896K, 0% used [0x00000000f5580000,0x00000000f5580000,0x00000000fa480000)
  from space 22016K, 99% used [0x00000000fa480000,0x00000000fb9f3660,0x00000000fba00000)
  to   space 45056K, 0% used [0x00000000fd080000,0x00000000fd080000,0x00000000ffc80000)
 ParOldGen       total 254976K, used 218369K [0x00000000e0000000, 0x00000000ef900000, 0x00000000f5580000)
  object space 254976K, 85% used [0x00000000e0000000,0x00000000ed540678,0x00000000ef900000)
 Metaspace       used 85319K, capacity 92430K, committed 92672K, reserved 1130496K
  class space    used 10845K, capacity 12474K, committed 12544K, reserved 1048576K
}
Event: 18027.702 GC heap before
{Heap before GC invocations=126 (full 8):
 PSYoungGen      total 102912K, used 102861K [0x00000000f5580000, 0x00000000ffc80000, 0x0000000100000000)
  eden space 80896K, 100% used [0x00000000f5580000,0x00000000fa480000,0x00000000fa480000)
  from space 22016K, 99% used [0x00000000fa480000,0x00000000fb9f3660,0x00000000fba00000)
  to   space 45056K, 0% used [0x00000000fd080000,0x00000000fd080000,0x00000000ffc80000)
 ParOldGen       total 254976K, used 218369K [0x00000000e0000000, 0x00000000ef900000, 0x00000000f5580000)
  object space 254976K, 85% used [0x00000000e0000000,0x00000000ed540678,0x00000000ef900000)
 Metaspace       used 85392K, capacity 92580K, committed 92672K, reserved 1130496K
  class space    used 10859K, capacity 12519K, committed 12544K, reserved 1048576K
Event: 18027.708 GC heap after
Heap after GC invocations=126 (full 8):
 PSYoungGen      total 126464K, used 2506K [0x00000000f5580000, 0x0000000100000000, 0x0000000100000000)
  eden space 81408K, 0% used [0x00000000f5580000,0x00000000f5580000,0x00000000fa500000)
  from space 45056K, 5% used [0x00000000fd080000,0x00000000fd2f2a98,0x00000000ffc80000)
  to   space 44544K, 0% used [0x00000000fa500000,0x00000000fa500000,0x00000000fd080000)
 ParOldGen       total 254976K, used 218529K [0x00000000e0000000, 0x00000000ef900000, 0x00000000f5580000)
  object space 254976K, 85% used [0x00000000e0000000,0x00000000ed5686d8,0x00000000ef900000)
 Metaspace       used 85392K, capacity 92580K, committed 92672K, reserved 1130496K
  class space    used 10859K, capacity 12519K, committed 12544K, reserved 1048576K
}
Event: 18028.351 GC heap before
{Heap before GC invocations=127 (full 8):
 PSYoungGen      total 126464K, used 83914K [0x00000000f5580000, 0x0000000100000000, 0x0000000100000000)
  eden space 81408K, 100% used [0x00000000f5580000,0x00000000fa500000,0x00000000fa500000)
  from space 45056K, 5% used [0x00000000fd080000,0x00000000fd2f2a98,0x00000000ffc80000)
  to   space 44544K, 0% used [0x00000000fa500000,0x00000000fa500000,0x00000000fd080000)
 ParOldGen       total 254976K, used 218529K [0x00000000e0000000, 0x00000000ef900000, 0x00000000f5580000)
  object space 254976K, 85% used [0x00000000e0000000,0x00000000ed5686d8,0x00000000ef900000)
 Metaspace       used 85426K, capacity 92590K, committed 92672K, reserved 1130496K
  class space    used 10859K, capacity 12520K, committed 12544K, reserved 1048576K
Event: 18028.365 GC heap after
Heap after GC invocations=127 (full 8):
 PSYoungGen      total 125952K, used 9952K [0x00000000f5580000, 0x00000000ffa80000, 0x0000000100000000)
  eden space 81408K, 0% used [0x00000000f5580000,0x00000000f5580000,0x00000000fa500000)
  from space 44544K, 22% used [0x00000000fa500000,0x00000000faeb82a0,0x00000000fd080000)
  to   space 41984K, 0% used [0x00000000fd180000,0x00000000fd180000,0x00000000ffa80000)
 ParOldGen       total 254976K, used 220445K [0x00000000e0000000, 0x00000000ef900000, 0x00000000f5580000)
  object space 254976K, 86% used [0x00000000e0000000,0x00000000ed747638,0x00000000ef900000)
 Metaspace       used 85426K, capacity 92590K, committed 92672K, reserved 1130496K
  class space    used 10859K, capacity 12520K, committed 12544K, reserved 1048576K
}
Event: 18028.664 GC heap before
{Heap before GC invocations=128 (full 8):
 PSYoungGen      total 125952K, used 91360K [0x00000000f5580000, 0x00000000ffa80000, 0x0000000100000000)
  eden space 81408K, 100% used [0x00000000f5580000,0x00000000fa500000,0x00000000fa500000)
  from space 44544K, 22% used [0x00000000fa500000,0x00000000faeb82a0,0x00000000fd080000)
  to   space 41984K, 0% used [0x00000000fd180000,0x00000000fd180000,0x00000000ffa80000)
 ParOldGen       total 254976K, used 220445K [0x00000000e0000000, 0x00000000ef900000, 0x00000000f5580000)
  object space 254976K, 86% used [0x00000000e0000000,0x00000000ed747638,0x00000000ef900000)
 Metaspace       used 85463K, capacity 92590K, committed 92672K, reserved 1130496K
  class space    used 10859K, capacity 12520K, committed 12544K, reserved 1048576K
Event: 18028.688 GC heap after
Heap after GC invocations=128 (full 8):
 PSYoungGen      total 123904K, used 29818K [0x00000000f5580000, 0x0000000100000000, 0x0000000100000000)
  eden space 81920K, 0% used [0x00000000f5580000,0x00000000f5580000,0x00000000fa580000)
  from space 41984K, 71% used [0x00000000fd180000,0x00000000fee9eb30,0x00000000ffa80000)
  to   space 45056K, 0% used [0x00000000fa580000,0x00000000fa580000,0x00000000fd180000)
 ParOldGen       total 254976K, used 223079K [0x00000000e0000000, 0x00000000ef900000, 0x00000000f5580000)
  object space 254976K, 87% used [0x00000000e0000000,0x00000000ed9d9d10,0x00000000ef900000)
 Metaspace       used 85463K, capacity 92590K, committed 92672K, reserved 1130496K
  class space    used 10859K, capacity 12520K, committed 12544K, reserved 1048576K
}
Event: 18029.028 GC heap before
{Heap before GC invocations=129 (full 8):
 PSYoungGen      total 123904K, used 111738K [0x00000000f5580000, 0x0000000100000000, 0x0000000100000000)
  eden space 81920K, 100% used [0x00000000f5580000,0x00000000fa580000,0x00000000fa580000)
  from space 41984K, 71% used [0x00000000fd180000,0x00000000fee9eb30,0x00000000ffa80000)
  to   space 45056K, 0% used [0x00000000fa580000,0x00000000fa580000,0x00000000fd180000)
 ParOldGen       total 254976K, used 223079K [0x00000000e0000000, 0x00000000ef900000, 0x00000000f5580000)
  object space 254976K, 87% used [0x00000000e0000000,0x00000000ed9d9d10,0x00000000ef900000)
 Metaspace       used 85464K, capacity 92590K, committed 92672K, reserved 1130496K
  class space    used 10859K, capacity 12520K, committed 12544K, reserved 1048576K
Event: 18029.068 GC heap after
Heap after GC invocations=129 (full 8):
 PSYoungGen      total 126976K, used 29473K [0x00000000f5580000, 0x0000000100000000, 0x0000000100000000)
  eden space 81920K, 0% used [0x00000000f5580000,0x00000000f5580000,0x00000000fa580000)
  from space 45056K, 65% used [0x00000000fa580000,0x00000000fc2484b8,0x00000000fd180000)
  to   space 47616K, 0% used [0x00000000fd180000,0x00000000fd180000,0x0000000100000000)
 ParOldGen       total 254976K, used 245698K [0x00000000e0000000, 0x00000000ef900000, 0x00000000f5580000)
  object space 254976K, 96% used [0x00000000e0000000,0x00000000eeff08a0,0x00000000ef900000)
 Metaspace       used 85464K, capacity 92590K, committed 92672K, reserved 1130496K
  class space    used 10859K, capacity 12520K, committed 12544K, reserved 1048576K
}
Event: 18029.068 GC heap before
{Heap before GC invocations=130 (full 9):
 PSYoungGen      total 126976K, used 29473K [0x00000000f5580000, 0x0000000100000000, 0x0000000100000000)
  eden space 81920K, 0% used [0x00000000f5580000,0x00000000f5580000,0x00000000fa580000)
  from space 45056K, 65% used [0x00000000fa580000,0x00000000fc2484b8,0x00000000fd180000)
  to   space 47616K, 0% used [0x00000000fd180000,0x00000000fd180000,0x0000000100000000)
 ParOldGen       total 254976K, used 245698K [0x00000000e0000000, 0x00000000ef900000, 0x00000000f5580000)
  object space 254976K, 96% used [0x00000000e0000000,0x00000000eeff08a0,0x00000000ef900000)
 Metaspace       used 85464K, capacity 92590K, committed 92672K, reserved 1130496K
  class space    used 10859K, capacity 12520K, committed 12544K, reserved 1048576K

